{"/Users/chandravardhansinghs/development/flicker-app-vite/src/App.tsx": {"path":"/Users/chandravardhansinghs/development/flicker-app-vite/src/App.tsx","statementMap":{"0":{"start":{"line":9,"column":16},"end":{"line":9,"column":41}},"1":{"start":{"line":10,"column":2},"end":{"line":14,"column":4}}},"fnMap":{"0":{"name":"App","decl":{"start":{"line":8,"column":9},"end":{"line":8,"column":12}},"loc":{"start":{"line":8,"column":15},"end":{"line":15,"column":1}},"line":8}},"branchMap":{},"s":{"0":0,"1":0},"f":{"0":0},"b":{}}
,"/Users/chandravardhansinghs/development/flicker-app-vite/src/main.tsx": {"path":"/Users/chandravardhansinghs/development/flicker-app-vite/src/main.tsx","statementMap":{"0":{"start":{"line":8,"column":0},"end":{"line":14,"column":2}}},"fnMap":{},"branchMap":{},"s":{"0":0},"f":{},"b":{}}
,"/Users/chandravardhansinghs/development/flicker-app-vite/src/components/index.ts": {"path":"/Users/chandravardhansinghs/development/flicker-app-vite/src/components/index.ts","statementMap":{},"fnMap":{},"branchMap":{},"s":{},"f":{},"b":{}}
,"/Users/chandravardhansinghs/development/flicker-app-vite/src/components/Button/index.tsx": {"path":"/Users/chandravardhansinghs/development/flicker-app-vite/src/components/Button/index.tsx","statementMap":{"0":{"start":{"line":7,"column":22},"end":{"line":13,"column":1}},"1":{"start":{"line":8,"column":2},"end":{"line":12,"column":4}}},"fnMap":{"0":{"name":"(anonymous_0)","decl":{"start":{"line":7,"column":22},"end":{"line":7,"column":23}},"loc":{"start":{"line":7,"column":67},"end":{"line":13,"column":1}},"line":7}},"branchMap":{},"s":{"0":0,"1":0},"f":{"0":0},"b":{}}
,"/Users/chandravardhansinghs/development/flicker-app-vite/src/components/ImageCard/ImageCard.tsx": {"path":"/Users/chandravardhansinghs/development/flicker-app-vite/src/components/ImageCard/ImageCard.tsx","statementMap":{"0":{"start":{"line":13,"column":34},"end":{"line":32,"column":1}},"1":{"start":{"line":14,"column":2},"end":{"line":31,"column":4}}},"fnMap":{"0":{"name":"(anonymous_0)","decl":{"start":{"line":13,"column":34},"end":{"line":13,"column":35}},"loc":{"start":{"line":13,"column":45},"end":{"line":32,"column":1}},"line":13}},"branchMap":{},"s":{"0":1,"1":2},"f":{"0":2},"b":{},"_coverageSchema":"1a1c01bbd47fc00a2c39e90264f33305004495a9","hash":"1149a2054f51f320f187e12d2903e5f9be601ffe"}
,"/Users/chandravardhansinghs/development/flicker-app-vite/src/components/ImageInfo/index.tsx": {"path":"/Users/chandravardhansinghs/development/flicker-app-vite/src/components/ImageInfo/index.tsx","statementMap":{"0":{"start":{"line":11,"column":25},"end":{"line":35,"column":1}},"1":{"start":{"line":12,"column":2},"end":{"line":34,"column":4}}},"fnMap":{"0":{"name":"(anonymous_0)","decl":{"start":{"line":11,"column":25},"end":{"line":11,"column":26}},"loc":{"start":{"line":11,"column":43},"end":{"line":35,"column":1}},"line":11}},"branchMap":{},"s":{"0":0,"1":0},"f":{"0":0},"b":{}}
,"/Users/chandravardhansinghs/development/flicker-app-vite/src/components/InputField/index.tsx": {"path":"/Users/chandravardhansinghs/development/flicker-app-vite/src/components/InputField/index.tsx","statementMap":{"0":{"start":{"line":11,"column":26},"end":{"line":28,"column":1}},"1":{"start":{"line":12,"column":26},"end":{"line":12,"column":31}},"2":{"start":{"line":13,"column":2},"end":{"line":27,"column":4}}},"fnMap":{"0":{"name":"(anonymous_0)","decl":{"start":{"line":11,"column":26},"end":{"line":11,"column":27}},"loc":{"start":{"line":11,"column":55},"end":{"line":28,"column":1}},"line":11}},"branchMap":{},"s":{"0":0,"1":0,"2":0},"f":{"0":0},"b":{}}
,"/Users/chandravardhansinghs/development/flicker-app-vite/src/components/Loader/index.tsx": {"path":"/Users/chandravardhansinghs/development/flicker-app-vite/src/components/Loader/index.tsx","statementMap":{"0":{"start":{"line":6,"column":22},"end":{"line":18,"column":1}},"1":{"start":{"line":7,"column":2},"end":{"line":17,"column":4}}},"fnMap":{"0":{"name":"(anonymous_0)","decl":{"start":{"line":6,"column":22},"end":{"line":6,"column":23}},"loc":{"start":{"line":6,"column":40},"end":{"line":18,"column":1}},"line":6}},"branchMap":{},"s":{"0":0,"1":0},"f":{"0":0},"b":{}}
,"/Users/chandravardhansinghs/development/flicker-app-vite/src/components/Navbar/Navbar.tsx": {"path":"/Users/chandravardhansinghs/development/flicker-app-vite/src/components/Navbar/Navbar.tsx","statementMap":{"0":{"start":{"line":86,"column":14},"end":{"line":89,"column":1}},"1":{"start":{"line":90,"column":17},"end":{"line":90,"column":41}},"2":{"start":{"line":92,"column":34},"end":{"line":92,"column":60}},"3":{"start":{"line":94,"column":40},"end":{"line":96,"column":3}},"4":{"start":{"line":97,"column":42},"end":{"line":99,"column":3}},"5":{"start":{"line":101,"column":19},"end":{"line":101,"column":35}},"6":{"start":{"line":103,"column":26},"end":{"line":109,"column":3}},"7":{"start":{"line":106,"column":4},"end":{"line":106,"column":23}},"8":{"start":{"line":107,"column":4},"end":{"line":107,"column":24}},"9":{"start":{"line":108,"column":4},"end":{"line":108,"column":23}},"10":{"start":{"line":111,"column":28},"end":{"line":113,"column":3}},"11":{"start":{"line":112,"column":4},"end":{"line":112,"column":40}},"12":{"start":{"line":114,"column":29},"end":{"line":116,"column":3}},"13":{"start":{"line":115,"column":4},"end":{"line":115,"column":41}},"14":{"start":{"line":118,"column":29},"end":{"line":120,"column":3}},"15":{"start":{"line":119,"column":4},"end":{"line":119,"column":25}},"16":{"start":{"line":122,"column":30},"end":{"line":124,"column":3}},"17":{"start":{"line":123,"column":4},"end":{"line":123,"column":26}},"18":{"start":{"line":126,"column":2},"end":{"line":263,"column":4}},"19":{"start":{"line":179,"column":16},"end":{"line":187,"column":26}},"20":{"start":{"line":212,"column":14},"end":{"line":223,"column":24}},"21":{"start":{"line":250,"column":16},"end":{"line":252,"column":27}}},"fnMap":{"0":{"name":"Navbar","decl":{"start":{"line":93,"column":16},"end":{"line":93,"column":22}},"loc":{"start":{"line":93,"column":25},"end":{"line":264,"column":1}},"line":93},"1":{"name":"(anonymous_1)","decl":{"start":{"line":103,"column":26},"end":{"line":103,"column":27}},"loc":{"start":{"line":105,"column":13},"end":{"line":109,"column":3}},"line":105},"2":{"name":"(anonymous_2)","decl":{"start":{"line":111,"column":28},"end":{"line":111,"column":29}},"loc":{"start":{"line":111,"column":70},"end":{"line":113,"column":3}},"line":111},"3":{"name":"(anonymous_3)","decl":{"start":{"line":114,"column":29},"end":{"line":114,"column":30}},"loc":{"start":{"line":114,"column":71},"end":{"line":116,"column":3}},"line":114},"4":{"name":"(anonymous_4)","decl":{"start":{"line":118,"column":29},"end":{"line":118,"column":30}},"loc":{"start":{"line":118,"column":35},"end":{"line":120,"column":3}},"line":118},"5":{"name":"(anonymous_5)","decl":{"start":{"line":122,"column":30},"end":{"line":122,"column":31}},"loc":{"start":{"line":122,"column":36},"end":{"line":124,"column":3}},"line":122},"6":{"name":"(anonymous_6)","decl":{"start":{"line":178,"column":25},"end":{"line":178,"column":26}},"loc":{"start":{"line":179,"column":16},"end":{"line":187,"column":26}},"line":179},"7":{"name":"(anonymous_7)","decl":{"start":{"line":211,"column":23},"end":{"line":211,"column":24}},"loc":{"start":{"line":212,"column":14},"end":{"line":223,"column":24}},"line":212},"8":{"name":"(anonymous_8)","decl":{"start":{"line":249,"column":28},"end":{"line":249,"column":29}},"loc":{"start":{"line":250,"column":16},"end":{"line":252,"column":27}},"line":250}},"branchMap":{},"s":{"0":0,"1":0,"2":0,"3":0,"4":0,"5":0,"6":0,"7":0,"8":0,"9":0,"10":0,"11":0,"12":0,"13":0,"14":0,"15":0,"16":0,"17":0,"18":0,"19":0,"20":0,"21":0},"f":{"0":0,"1":0,"2":0,"3":0,"4":0,"5":0,"6":0,"7":0,"8":0},"b":{}}
,"/Users/chandravardhansinghs/development/flicker-app-vite/src/components/PostItem/PostItem.tsx": {"path":"/Users/chandravardhansinghs/development/flicker-app-vite/src/components/PostItem/PostItem.tsx","statementMap":{"0":{"start":{"line":7,"column":24},"end":{"line":13,"column":1}},"1":{"start":{"line":8,"column":2},"end":{"line":12,"column":4}}},"fnMap":{"0":{"name":"(anonymous_0)","decl":{"start":{"line":7,"column":24},"end":{"line":7,"column":25}},"loc":{"start":{"line":7,"column":42},"end":{"line":13,"column":1}},"line":7}},"branchMap":{},"s":{"0":0,"1":0},"f":{"0":0},"b":{}}
,"/Users/chandravardhansinghs/development/flicker-app-vite/src/components/TabArea/index.tsx": {"path":"/Users/chandravardhansinghs/development/flicker-app-vite/src/components/TabArea/index.tsx","statementMap":{"0":{"start":{"line":11,"column":47},"end":{"line":11,"column":52}},"1":{"start":{"line":13,"column":2},"end":{"line":23,"column":4}},"2":{"start":{"line":31,"column":23},"end":{"line":61,"column":1}},"3":{"start":{"line":32,"column":40},"end":{"line":32,"column":51}},"4":{"start":{"line":34,"column":23},"end":{"line":39,"column":3}},"5":{"start":{"line":38,"column":4},"end":{"line":38,"column":26}},"6":{"start":{"line":41,"column":2},"end":{"line":60,"column":4}},"7":{"start":{"line":49,"column":10},"end":{"line":49,"column":31}},"8":{"start":{"line":53,"column":8},"end":{"line":57,"column":10}}},"fnMap":{"0":{"name":"TabPanel","decl":{"start":{"line":10,"column":9},"end":{"line":10,"column":17}},"loc":{"start":{"line":10,"column":40},"end":{"line":24,"column":1}},"line":10},"1":{"name":"(anonymous_1)","decl":{"start":{"line":31,"column":23},"end":{"line":31,"column":24}},"loc":{"start":{"line":31,"column":41},"end":{"line":61,"column":1}},"line":31},"2":{"name":"(anonymous_2)","decl":{"start":{"line":34,"column":23},"end":{"line":34,"column":24}},"loc":{"start":{"line":37,"column":7},"end":{"line":39,"column":3}},"line":37},"3":{"name":"(anonymous_3)","decl":{"start":{"line":48,"column":29},"end":{"line":48,"column":30}},"loc":{"start":{"line":49,"column":10},"end":{"line":49,"column":31}},"line":49},"4":{"name":"(anonymous_4)","decl":{"start":{"line":52,"column":34},"end":{"line":52,"column":35}},"loc":{"start":{"line":52,"column":58},"end":{"line":58,"column":7}},"line":52}},"branchMap":{"0":{"loc":{"start":{"line":21,"column":7},"end":{"line":21,"column":47}},"type":"binary-expr","locations":[{"start":{"line":21,"column":7},"end":{"line":21,"column":22}},{"start":{"line":21,"column":26},"end":{"line":21,"column":47}}],"line":21}},"s":{"0":0,"1":0,"2":0,"3":0,"4":0,"5":0,"6":0,"7":0,"8":0},"f":{"0":0,"1":0,"2":0,"3":0,"4":0},"b":{"0":[0,0]}}
,"/Users/chandravardhansinghs/development/flicker-app-vite/src/layouts/index.ts": {"path":"/Users/chandravardhansinghs/development/flicker-app-vite/src/layouts/index.ts","statementMap":{},"fnMap":{},"branchMap":{},"s":{},"f":{},"b":{}}
,"/Users/chandravardhansinghs/development/flicker-app-vite/src/layouts/ScreenContainer/index.tsx": {"path":"/Users/chandravardhansinghs/development/flicker-app-vite/src/layouts/ScreenContainer/index.tsx","statementMap":{"0":{"start":{"line":8,"column":31},"end":{"line":10,"column":1}},"1":{"start":{"line":9,"column":2},"end":{"line":9,"column":55}}},"fnMap":{"0":{"name":"(anonymous_0)","decl":{"start":{"line":8,"column":31},"end":{"line":8,"column":32}},"loc":{"start":{"line":8,"column":49},"end":{"line":10,"column":1}},"line":8}},"branchMap":{},"s":{"0":0,"1":0},"f":{"0":0},"b":{}}
,"/Users/chandravardhansinghs/development/flicker-app-vite/src/layouts/Shell/Shell.tsx": {"path":"/Users/chandravardhansinghs/development/flicker-app-vite/src/layouts/Shell/Shell.tsx","statementMap":{"0":{"start":{"line":9,"column":21},"end":{"line":24,"column":1}},"1":{"start":{"line":10,"column":30},"end":{"line":10,"column":71}},"2":{"start":{"line":10,"column":56},"end":{"line":10,"column":70}},"3":{"start":{"line":11,"column":23},"end":{"line":11,"column":36}},"4":{"start":{"line":13,"column":17},"end":{"line":13,"column":45}},"5":{"start":{"line":14,"column":2},"end":{"line":14,"column":26}},"6":{"start":{"line":16,"column":2},"end":{"line":23,"column":4}}},"fnMap":{"0":{"name":"(anonymous_0)","decl":{"start":{"line":9,"column":21},"end":{"line":9,"column":22}},"loc":{"start":{"line":9,"column":39},"end":{"line":24,"column":1}},"line":9},"1":{"name":"(anonymous_1)","decl":{"start":{"line":10,"column":45},"end":{"line":10,"column":46}},"loc":{"start":{"line":10,"column":56},"end":{"line":10,"column":70}},"line":10}},"branchMap":{"0":{"loc":{"start":{"line":18,"column":7},"end":{"line":18,"column":47}},"type":"binary-expr","locations":[{"start":{"line":18,"column":7},"end":{"line":18,"column":22}},{"start":{"line":18,"column":26},"end":{"line":18,"column":33}},{"start":{"line":18,"column":37},"end":{"line":18,"column":47}}],"line":18}},"s":{"0":0,"1":0,"2":0,"3":0,"4":0,"5":0,"6":0},"f":{"0":0,"1":0},"b":{"0":[0,0,0]}}
,"/Users/chandravardhansinghs/development/flicker-app-vite/src/pages/About.tsx": {"path":"/Users/chandravardhansinghs/development/flicker-app-vite/src/pages/About.tsx","statementMap":{"0":{"start":{"line":3,"column":18},"end":{"line":5,"column":1}},"1":{"start":{"line":4,"column":2},"end":{"line":4,"column":26}}},"fnMap":{"0":{"name":"(anonymous_0)","decl":{"start":{"line":3,"column":18},"end":{"line":3,"column":19}},"loc":{"start":{"line":3,"column":24},"end":{"line":5,"column":1}},"line":3}},"branchMap":{},"s":{"0":0,"1":0},"f":{"0":0},"b":{}}
,"/Users/chandravardhansinghs/development/flicker-app-vite/src/pages/Home.tsx": {"path":"/Users/chandravardhansinghs/development/flicker-app-vite/src/pages/Home.tsx","statementMap":{"0":{"start":{"line":20,"column":27},"end":{"line":27,"column":1}},"1":{"start":{"line":29,"column":24},"end":{"line":543,"column":1}},"2":{"start":{"line":30,"column":2},"end":{"line":542,"column":4}},"3":{"start":{"line":154,"column":18},"end":{"line":180,"column":25}},"4":{"start":{"line":260,"column":18},"end":{"line":282,"column":25}},"5":{"start":{"line":312,"column":18},"end":{"line":334,"column":25}}},"fnMap":{"0":{"name":"(anonymous_0)","decl":{"start":{"line":29,"column":24},"end":{"line":29,"column":25}},"loc":{"start":{"line":29,"column":30},"end":{"line":543,"column":1}},"line":29},"1":{"name":"(anonymous_1)","decl":{"start":{"line":153,"column":22},"end":{"line":153,"column":23}},"loc":{"start":{"line":154,"column":18},"end":{"line":180,"column":25}},"line":154},"2":{"name":"(anonymous_2)","decl":{"start":{"line":259,"column":58},"end":{"line":259,"column":59}},"loc":{"start":{"line":260,"column":18},"end":{"line":282,"column":25}},"line":260},"3":{"name":"(anonymous_3)","decl":{"start":{"line":311,"column":46},"end":{"line":311,"column":47}},"loc":{"start":{"line":312,"column":18},"end":{"line":334,"column":25}},"line":312}},"branchMap":{},"s":{"0":0,"1":0,"2":0,"3":0,"4":0,"5":0},"f":{"0":0,"1":0,"2":0,"3":0},"b":{}}
,"/Users/chandravardhansinghs/development/flicker-app-vite/src/pages/ImageDetails.tsx": {"path":"/Users/chandravardhansinghs/development/flicker-app-vite/src/pages/ImageDetails.tsx","statementMap":{"0":{"start":{"line":19,"column":25},"end":{"line":204,"column":1}},"1":{"start":{"line":20,"column":36},"end":{"line":20,"column":60}},"2":{"start":{"line":21,"column":17},"end":{"line":21,"column":28}},"3":{"start":{"line":26,"column":6},"end":{"line":26,"column":33}},"4":{"start":{"line":27,"column":59},"end":{"line":29,"column":3}},"5":{"start":{"line":30,"column":34},"end":{"line":36,"column":3}},"6":{"start":{"line":38,"column":21},"end":{"line":43,"column":3}},"7":{"start":{"line":39,"column":36},"end":{"line":41,"column":5}},"8":{"start":{"line":40,"column":19},"end":{"line":40,"column":39}},"9":{"start":{"line":42,"column":4},"end":{"line":42,"column":19}},"10":{"start":{"line":45,"column":23},"end":{"line":45,"column":75}},"11":{"start":{"line":45,"column":37},"end":{"line":45,"column":58}},"12":{"start":{"line":46,"column":18},"end":{"line":46,"column":66}},"13":{"start":{"line":46,"column":32},"end":{"line":46,"column":49}},"14":{"start":{"line":47,"column":22},"end":{"line":47,"column":79}},"15":{"start":{"line":47,"column":36},"end":{"line":47,"column":62}},"16":{"start":{"line":48,"column":23},"end":{"line":51,"column":3}},"17":{"start":{"line":49,"column":10},"end":{"line":49,"column":40}},"18":{"start":{"line":53,"column":2},"end":{"line":55,"column":3}},"19":{"start":{"line":54,"column":4},"end":{"line":54,"column":22}},"20":{"start":{"line":56,"column":27},"end":{"line":64,"column":3}},"21":{"start":{"line":66,"column":27},"end":{"line":82,"column":3}},"22":{"start":{"line":67,"column":4},"end":{"line":81,"column":6}},"23":{"start":{"line":71,"column":12},"end":{"line":77,"column":14}},"24":{"start":{"line":83,"column":2},"end":{"line":85,"column":3}},"25":{"start":{"line":84,"column":4},"end":{"line":84,"column":19}},"26":{"start":{"line":86,"column":2},"end":{"line":203,"column":4}},"27":{"start":{"line":92,"column":23},"end":{"line":92,"column":42}},"28":{"start":{"line":142,"column":36},"end":{"line":142,"column":75}},"29":{"start":{"line":151,"column":36},"end":{"line":151,"column":72}},"30":{"start":{"line":161,"column":20},"end":{"line":161,"column":65}},"31":{"start":{"line":171,"column":33},"end":{"line":171,"column":51}}},"fnMap":{"0":{"name":"(anonymous_0)","decl":{"start":{"line":19,"column":25},"end":{"line":19,"column":26}},"loc":{"start":{"line":19,"column":31},"end":{"line":204,"column":1}},"line":19},"1":{"name":"(anonymous_1)","decl":{"start":{"line":38,"column":21},"end":{"line":38,"column":22}},"loc":{"start":{"line":38,"column":54},"end":{"line":43,"column":3}},"line":38},"2":{"name":"(anonymous_2)","decl":{"start":{"line":40,"column":6},"end":{"line":40,"column":7}},"loc":{"start":{"line":40,"column":19},"end":{"line":40,"column":39}},"line":40},"3":{"name":"(anonymous_3)","decl":{"start":{"line":45,"column":31},"end":{"line":45,"column":32}},"loc":{"start":{"line":45,"column":37},"end":{"line":45,"column":58}},"line":45},"4":{"name":"(anonymous_4)","decl":{"start":{"line":46,"column":26},"end":{"line":46,"column":27}},"loc":{"start":{"line":46,"column":32},"end":{"line":46,"column":49}},"line":46},"5":{"name":"(anonymous_5)","decl":{"start":{"line":47,"column":30},"end":{"line":47,"column":31}},"loc":{"start":{"line":47,"column":36},"end":{"line":47,"column":62}},"line":47},"6":{"name":"(anonymous_6)","decl":{"start":{"line":49,"column":4},"end":{"line":49,"column":5}},"loc":{"start":{"line":49,"column":10},"end":{"line":49,"column":40}},"line":49},"7":{"name":"(anonymous_7)","decl":{"start":{"line":66,"column":27},"end":{"line":66,"column":28}},"loc":{"start":{"line":66,"column":33},"end":{"line":82,"column":3}},"line":66},"8":{"name":"(anonymous_8)","decl":{"start":{"line":70,"column":45},"end":{"line":70,"column":46}},"loc":{"start":{"line":70,"column":58},"end":{"line":78,"column":11}},"line":70},"9":{"name":"(anonymous_9)","decl":{"start":{"line":92,"column":17},"end":{"line":92,"column":18}},"loc":{"start":{"line":92,"column":23},"end":{"line":92,"column":42}},"line":92},"10":{"name":"(anonymous_10)","decl":{"start":{"line":142,"column":30},"end":{"line":142,"column":31}},"loc":{"start":{"line":142,"column":36},"end":{"line":142,"column":75}},"line":142},"11":{"name":"(anonymous_11)","decl":{"start":{"line":151,"column":30},"end":{"line":151,"column":31}},"loc":{"start":{"line":151,"column":36},"end":{"line":151,"column":72}},"line":151},"12":{"name":"(anonymous_12)","decl":{"start":{"line":160,"column":30},"end":{"line":160,"column":31}},"loc":{"start":{"line":161,"column":20},"end":{"line":161,"column":65}},"line":161},"13":{"name":"(anonymous_13)","decl":{"start":{"line":171,"column":27},"end":{"line":171,"column":28}},"loc":{"start":{"line":171,"column":33},"end":{"line":171,"column":51}},"line":171}},"branchMap":{"0":{"loc":{"start":{"line":26,"column":24},"end":{"line":26,"column":32}},"type":"binary-expr","locations":[{"start":{"line":26,"column":24},"end":{"line":26,"column":26}},{"start":{"line":26,"column":30},"end":{"line":26,"column":32}}],"line":26},"1":{"loc":{"start":{"line":28,"column":4},"end":{"line":28,"column":12}},"type":"binary-expr","locations":[{"start":{"line":28,"column":4},"end":{"line":28,"column":6}},{"start":{"line":28,"column":10},"end":{"line":28,"column":12}}],"line":28},"2":{"loc":{"start":{"line":31,"column":4},"end":{"line":31,"column":38}},"type":"binary-expr","locations":[{"start":{"line":31,"column":4},"end":{"line":31,"column":32}},{"start":{"line":31,"column":36},"end":{"line":31,"column":38}}],"line":31},"3":{"loc":{"start":{"line":53,"column":2},"end":{"line":55,"column":3}},"type":"if","locations":[{"start":{"line":53,"column":2},"end":{"line":55,"column":3}},{"start":{},"end":{}}],"line":53},"4":{"loc":{"start":{"line":57,"column":10},"end":{"line":57,"column":37}},"type":"binary-expr","locations":[{"start":{"line":57,"column":10},"end":{"line":57,"column":32}},{"start":{"line":57,"column":36},"end":{"line":57,"column":37}}],"line":57},"5":{"loc":{"start":{"line":58,"column":8},"end":{"line":58,"column":34}},"type":"binary-expr","locations":[{"start":{"line":58,"column":8},"end":{"line":58,"column":28}},{"start":{"line":58,"column":32},"end":{"line":58,"column":34}}],"line":58},"6":{"loc":{"start":{"line":59,"column":14},"end":{"line":59,"column":55}},"type":"binary-expr","locations":[{"start":{"line":59,"column":14},"end":{"line":59,"column":50}},{"start":{"line":59,"column":54},"end":{"line":59,"column":55}}],"line":59},"7":{"loc":{"start":{"line":61,"column":12},"end":{"line":61,"column":42}},"type":"binary-expr","locations":[{"start":{"line":61,"column":12},"end":{"line":61,"column":36}},{"start":{"line":61,"column":40},"end":{"line":61,"column":42}}],"line":61},"8":{"loc":{"start":{"line":62,"column":12},"end":{"line":62,"column":42}},"type":"binary-expr","locations":[{"start":{"line":62,"column":12},"end":{"line":62,"column":36}},{"start":{"line":62,"column":40},"end":{"line":62,"column":42}}],"line":62},"9":{"loc":{"start":{"line":63,"column":11},"end":{"line":63,"column":49}},"type":"binary-expr","locations":[{"start":{"line":63,"column":11},"end":{"line":63,"column":43}},{"start":{"line":63,"column":47},"end":{"line":63,"column":49}}],"line":63},"10":{"loc":{"start":{"line":83,"column":2},"end":{"line":85,"column":3}},"type":"if","locations":[{"start":{"line":83,"column":2},"end":{"line":85,"column":3}},{"start":{},"end":{}}],"line":83},"11":{"loc":{"start":{"line":140,"column":15},"end":{"line":146,"column":22}},"type":"cond-expr","locations":[{"start":{"line":141,"column":16},"end":{"line":145,"column":18}},{"start":{"line":146,"column":18},"end":{"line":146,"column":22}}],"line":140},"12":{"loc":{"start":{"line":149,"column":15},"end":{"line":155,"column":22}},"type":"cond-expr","locations":[{"start":{"line":150,"column":16},"end":{"line":154,"column":18}},{"start":{"line":155,"column":18},"end":{"line":155,"column":22}}],"line":149},"13":{"loc":{"start":{"line":158,"column":15},"end":{"line":166,"column":22}},"type":"cond-expr","locations":[{"start":{"line":159,"column":16},"end":{"line":165,"column":18}},{"start":{"line":166,"column":18},"end":{"line":166,"column":22}}],"line":158},"14":{"loc":{"start":{"line":168,"column":13},"end":{"line":193,"column":20}},"type":"cond-expr","locations":[{"start":{"line":169,"column":14},"end":{"line":192,"column":21}},{"start":{"line":193,"column":16},"end":{"line":193,"column":20}}],"line":168},"15":{"loc":{"start":{"line":185,"column":21},"end":{"line":189,"column":28}},"type":"cond-expr","locations":[{"start":{"line":186,"column":22},"end":{"line":188,"column":25}},{"start":{"line":189,"column":24},"end":{"line":189,"column":28}}],"line":185}},"s":{"0":0,"1":0,"2":0,"3":0,"4":0,"5":0,"6":0,"7":0,"8":0,"9":0,"10":0,"11":0,"12":0,"13":0,"14":0,"15":0,"16":0,"17":0,"18":0,"19":0,"20":0,"21":0,"22":0,"23":0,"24":0,"25":0,"26":0,"27":0,"28":0,"29":0,"30":0,"31":0},"f":{"0":0,"1":0,"2":0,"3":0,"4":0,"5":0,"6":0,"7":0,"8":0,"9":0,"10":0,"11":0,"12":0,"13":0},"b":{"0":[0,0],"1":[0,0],"2":[0,0],"3":[0,0],"4":[0,0],"5":[0,0],"6":[0,0],"7":[0,0],"8":[0,0],"9":[0,0],"10":[0,0],"11":[0,0],"12":[0,0],"13":[0,0],"14":[0,0],"15":[0,0]}}
,"/Users/chandravardhansinghs/development/flicker-app-vite/src/pages/PageNotFound.tsx": {"path":"/Users/chandravardhansinghs/development/flicker-app-vite/src/pages/PageNotFound.tsx","statementMap":{},"fnMap":{},"branchMap":{},"s":{},"f":{},"b":{}}
,"/Users/chandravardhansinghs/development/flicker-app-vite/src/pages/Post.tsx": {"path":"/Users/chandravardhansinghs/development/flicker-app-vite/src/pages/Post.tsx","statementMap":{"0":{"start":{"line":9,"column":26},"end":{"line":9,"column":46}},"1":{"start":{"line":10,"column":19},"end":{"line":10,"column":35}},"2":{"start":{"line":11,"column":20},"end":{"line":11,"column":57}},"3":{"start":{"line":11,"column":46},"end":{"line":11,"column":56}},"4":{"start":{"line":13,"column":30},"end":{"line":26,"column":3}},"5":{"start":{"line":16,"column":4},"end":{"line":16,"column":23}},"6":{"start":{"line":18,"column":4},"end":{"line":25,"column":5}},"7":{"start":{"line":19,"column":6},"end":{"line":23,"column":8}},"8":{"start":{"line":24,"column":6},"end":{"line":24,"column":18}},"9":{"start":{"line":27,"column":2},"end":{"line":47,"column":4}},"10":{"start":{"line":35,"column":29},"end":{"line":35,"column":52}},"11":{"start":{"line":43,"column":10},"end":{"line":43,"column":47}}},"fnMap":{"0":{"name":"(anonymous_0)","decl":{"start":{"line":8,"column":15},"end":{"line":8,"column":16}},"loc":{"start":{"line":8,"column":33},"end":{"line":48,"column":1}},"line":8},"1":{"name":"(anonymous_1)","decl":{"start":{"line":11,"column":35},"end":{"line":11,"column":36}},"loc":{"start":{"line":11,"column":46},"end":{"line":11,"column":56}},"line":11},"2":{"name":"(anonymous_2)","decl":{"start":{"line":13,"column":30},"end":{"line":13,"column":31}},"loc":{"start":{"line":15,"column":13},"end":{"line":26,"column":3}},"line":15},"3":{"name":"(anonymous_3)","decl":{"start":{"line":35,"column":22},"end":{"line":35,"column":23}},"loc":{"start":{"line":35,"column":29},"end":{"line":35,"column":52}},"line":35},"4":{"name":"(anonymous_4)","decl":{"start":{"line":42,"column":19},"end":{"line":42,"column":20}},"loc":{"start":{"line":42,"column":29},"end":{"line":44,"column":9}},"line":42}},"branchMap":{"0":{"loc":{"start":{"line":18,"column":4},"end":{"line":25,"column":5}},"type":"if","locations":[{"start":{"line":18,"column":4},"end":{"line":25,"column":5}},{"start":{},"end":{}}],"line":18}},"s":{"0":0,"1":0,"2":0,"3":0,"4":0,"5":0,"6":0,"7":0,"8":0,"9":0,"10":0,"11":0},"f":{"0":0,"1":0,"2":0,"3":0,"4":0},"b":{"0":[0,0]}}
,"/Users/chandravardhansinghs/development/flicker-app-vite/src/pages/Search.tsx": {"path":"/Users/chandravardhansinghs/development/flicker-app-vite/src/pages/Search.tsx","statementMap":{"0":{"start":{"line":14,"column":20},"end":{"line":14,"column":64}},"1":{"start":{"line":16,"column":26},"end":{"line":160,"column":1}},"2":{"start":{"line":17,"column":18},"end":{"line":17,"column":29}},"3":{"start":{"line":18,"column":19},"end":{"line":18,"column":32}},"4":{"start":{"line":20,"column":38},"end":{"line":20,"column":68}},"5":{"start":{"line":21,"column":26},"end":{"line":21,"column":37}},"6":{"start":{"line":23,"column":37},"end":{"line":31,"column":3}},"7":{"start":{"line":33,"column":24},"end":{"line":47,"column":3}},"8":{"start":{"line":35,"column":6},"end":{"line":45,"column":7}},"9":{"start":{"line":37,"column":23},"end":{"line":37,"column":65}},"10":{"start":{"line":38,"column":10},"end":{"line":38,"column":51}},"11":{"start":{"line":49,"column":2},"end":{"line":53,"column":22}},"12":{"start":{"line":50,"column":4},"end":{"line":52,"column":6}},"13":{"start":{"line":51,"column":6},"end":{"line":51,"column":29}},"14":{"start":{"line":55,"column":2},"end":{"line":57,"column":12}},"15":{"start":{"line":56,"column":4},"end":{"line":56,"column":32}},"16":{"start":{"line":59,"column":2},"end":{"line":61,"column":13}},"17":{"start":{"line":60,"column":4},"end":{"line":60,"column":36}},"18":{"start":{"line":63,"column":2},"end":{"line":65,"column":3}},"19":{"start":{"line":64,"column":4},"end":{"line":64,"column":22}},"20":{"start":{"line":67,"column":2},"end":{"line":159,"column":4}},"21":{"start":{"line":89,"column":16},"end":{"line":89,"column":46}},"22":{"start":{"line":112,"column":14},"end":{"line":118,"column":16}},"23":{"start":{"line":116,"column":18},"end":{"line":116,"column":58}},"24":{"start":{"line":125,"column":10},"end":{"line":129,"column":12}},"25":{"start":{"line":153,"column":14},"end":{"line":153,"column":36}}},"fnMap":{"0":{"name":"(anonymous_0)","decl":{"start":{"line":16,"column":26},"end":{"line":16,"column":27}},"loc":{"start":{"line":16,"column":32},"end":{"line":160,"column":1}},"line":16},"1":{"name":"(anonymous_1)","decl":{"start":{"line":34,"column":4},"end":{"line":34,"column":5}},"loc":{"start":{"line":35,"column":6},"end":{"line":45,"column":7}},"line":35},"2":{"name":"(anonymous_2)","decl":{"start":{"line":36,"column":8},"end":{"line":36,"column":9}},"loc":{"start":{"line":36,"column":25},"end":{"line":39,"column":9}},"line":36},"3":{"name":"(anonymous_3)","decl":{"start":{"line":49,"column":12},"end":{"line":49,"column":13}},"loc":{"start":{"line":49,"column":18},"end":{"line":53,"column":3}},"line":49},"4":{"name":"(anonymous_4)","decl":{"start":{"line":50,"column":11},"end":{"line":50,"column":12}},"loc":{"start":{"line":50,"column":17},"end":{"line":52,"column":5}},"line":50},"5":{"name":"(anonymous_5)","decl":{"start":{"line":55,"column":12},"end":{"line":55,"column":13}},"loc":{"start":{"line":55,"column":18},"end":{"line":57,"column":3}},"line":55},"6":{"name":"(anonymous_6)","decl":{"start":{"line":59,"column":12},"end":{"line":59,"column":13}},"loc":{"start":{"line":59,"column":18},"end":{"line":61,"column":3}},"line":59},"7":{"name":"(anonymous_7)","decl":{"start":{"line":88,"column":24},"end":{"line":88,"column":25}},"loc":{"start":{"line":88,"column":31},"end":{"line":90,"column":15}},"line":88},"8":{"name":"(anonymous_8)","decl":{"start":{"line":111,"column":29},"end":{"line":111,"column":30}},"loc":{"start":{"line":112,"column":14},"end":{"line":118,"column":16}},"line":112},"9":{"name":"(anonymous_9)","decl":{"start":{"line":115,"column":25},"end":{"line":115,"column":26}},"loc":{"start":{"line":115,"column":31},"end":{"line":117,"column":17}},"line":115},"10":{"name":"(anonymous_10)","decl":{"start":{"line":124,"column":32},"end":{"line":124,"column":33}},"loc":{"start":{"line":124,"column":43},"end":{"line":130,"column":9}},"line":124},"11":{"name":"(anonymous_11)","decl":{"start":{"line":152,"column":22},"end":{"line":152,"column":23}},"loc":{"start":{"line":152,"column":43},"end":{"line":154,"column":13}},"line":152}},"branchMap":{"0":{"loc":{"start":{"line":20,"column":55},"end":{"line":20,"column":67}},"type":"binary-expr","locations":[{"start":{"line":20,"column":55},"end":{"line":20,"column":58}},{"start":{"line":20,"column":62},"end":{"line":20,"column":67}}],"line":20},"1":{"loc":{"start":{"line":25,"column":12},"end":{"line":25,"column":29}},"type":"binary-expr","locations":[{"start":{"line":25,"column":12},"end":{"line":25,"column":22}},{"start":{"line":25,"column":26},"end":{"line":25,"column":29}}],"line":25},"2":{"loc":{"start":{"line":37,"column":23},"end":{"line":37,"column":65}},"type":"cond-expr","locations":[{"start":{"line":37,"column":39},"end":{"line":37,"column":50}},{"start":{"line":37,"column":53},"end":{"line":37,"column":65}}],"line":37},"3":{"loc":{"start":{"line":37,"column":53},"end":{"line":37,"column":65}},"type":"binary-expr","locations":[{"start":{"line":37,"column":53},"end":{"line":37,"column":56}},{"start":{"line":37,"column":60},"end":{"line":37,"column":65}}],"line":37},"4":{"loc":{"start":{"line":56,"column":18},"end":{"line":56,"column":30}},"type":"binary-expr","locations":[{"start":{"line":56,"column":18},"end":{"line":56,"column":21}},{"start":{"line":56,"column":25},"end":{"line":56,"column":30}}],"line":56},"5":{"loc":{"start":{"line":60,"column":12},"end":{"line":60,"column":34}},"type":"binary-expr","locations":[{"start":{"line":60,"column":12},"end":{"line":60,"column":29}},{"start":{"line":60,"column":33},"end":{"line":60,"column":34}}],"line":60},"6":{"loc":{"start":{"line":63,"column":2},"end":{"line":65,"column":3}},"type":"if","locations":[{"start":{"line":63,"column":2},"end":{"line":65,"column":3}},{"start":{},"end":{}}],"line":63}},"s":{"0":0,"1":0,"2":0,"3":0,"4":0,"5":0,"6":0,"7":0,"8":0,"9":0,"10":0,"11":0,"12":0,"13":0,"14":0,"15":0,"16":0,"17":0,"18":0,"19":0,"20":0,"21":0,"22":0,"23":0,"24":0,"25":0},"f":{"0":0,"1":0,"2":0,"3":0,"4":0,"5":0,"6":0,"7":0,"8":0,"9":0,"10":0,"11":0},"b":{"0":[0,0],"1":[0,0],"2":[0,0],"3":[0,0],"4":[0,0],"5":[0,0],"6":[0,0]}}
,"/Users/chandravardhansinghs/development/flicker-app-vite/src/pages/index.tsx": {"path":"/Users/chandravardhansinghs/development/flicker-app-vite/src/pages/index.tsx","statementMap":{},"fnMap":{},"branchMap":{},"s":{},"f":{},"b":{}}
,"/Users/chandravardhansinghs/development/flicker-app-vite/src/pages/auth/Login.tsx": {"path":"/Users/chandravardhansinghs/development/flicker-app-vite/src/pages/auth/Login.tsx","statementMap":{"0":{"start":{"line":22,"column":18},"end":{"line":24,"column":1}},"1":{"start":{"line":31,"column":21},"end":{"line":192,"column":1}},"2":{"start":{"line":32,"column":38},"end":{"line":32,"column":62}},"3":{"start":{"line":34,"column":19},"end":{"line":34,"column":35}},"4":{"start":{"line":35,"column":19},"end":{"line":35,"column":32}},"5":{"start":{"line":42,"column":6},"end":{"line":47,"column":4}},"6":{"start":{"line":49,"column":48},"end":{"line":58,"column":3}},"7":{"start":{"line":50,"column":4},"end":{"line":56,"column":6}},"8":{"start":{"line":57,"column":4},"end":{"line":57,"column":30}},"9":{"start":{"line":60,"column":27},"end":{"line":62,"column":3}},"10":{"start":{"line":61,"column":4},"end":{"line":61,"column":32}},"11":{"start":{"line":64,"column":2},"end":{"line":191,"column":4}},"12":{"start":{"line":109,"column":20},"end":{"line":119,"column":22}},"13":{"start":{"line":134,"column":20},"end":{"line":144,"column":22}},"14":{"start":{"line":158,"column":39},"end":{"line":158,"column":70}}},"fnMap":{"0":{"name":"(anonymous_0)","decl":{"start":{"line":31,"column":21},"end":{"line":31,"column":22}},"loc":{"start":{"line":31,"column":39},"end":{"line":192,"column":1}},"line":31},"1":{"name":"(anonymous_1)","decl":{"start":{"line":49,"column":48},"end":{"line":49,"column":49}},"loc":{"start":{"line":49,"column":58},"end":{"line":58,"column":3}},"line":49},"2":{"name":"(anonymous_2)","decl":{"start":{"line":60,"column":27},"end":{"line":60,"column":28}},"loc":{"start":{"line":60,"column":33},"end":{"line":62,"column":3}},"line":60},"3":{"name":"(anonymous_3)","decl":{"start":{"line":108,"column":26},"end":{"line":108,"column":27}},"loc":{"start":{"line":109,"column":20},"end":{"line":119,"column":22}},"line":109},"4":{"name":"(anonymous_4)","decl":{"start":{"line":133,"column":26},"end":{"line":133,"column":27}},"loc":{"start":{"line":134,"column":20},"end":{"line":144,"column":22}},"line":134},"5":{"name":"(anonymous_5)","decl":{"start":{"line":158,"column":32},"end":{"line":158,"column":33}},"loc":{"start":{"line":158,"column":39},"end":{"line":158,"column":70}},"line":158}},"branchMap":{"0":{"loc":{"start":{"line":122,"column":17},"end":{"line":126,"column":17}},"type":"binary-expr","locations":[{"start":{"line":122,"column":17},"end":{"line":122,"column":37}},{"start":{"line":123,"column":18},"end":{"line":125,"column":31}}],"line":122},"1":{"loc":{"start":{"line":124,"column":21},"end":{"line":124,"column":65}},"type":"binary-expr","locations":[{"start":{"line":124,"column":21},"end":{"line":124,"column":42}},{"start":{"line":124,"column":46},"end":{"line":124,"column":65}}],"line":124},"2":{"loc":{"start":{"line":147,"column":17},"end":{"line":151,"column":17}},"type":"binary-expr","locations":[{"start":{"line":147,"column":17},"end":{"line":147,"column":40}},{"start":{"line":148,"column":18},"end":{"line":150,"column":31}}],"line":147},"3":{"loc":{"start":{"line":149,"column":21},"end":{"line":149,"column":71}},"type":"binary-expr","locations":[{"start":{"line":149,"column":21},"end":{"line":149,"column":45}},{"start":{"line":149,"column":49},"end":{"line":149,"column":71}}],"line":149}},"s":{"0":0,"1":0,"2":0,"3":0,"4":0,"5":0,"6":0,"7":0,"8":0,"9":0,"10":0,"11":0,"12":0,"13":0,"14":0},"f":{"0":0,"1":0,"2":0,"3":0,"4":0,"5":0},"b":{"0":[0,0],"1":[0,0],"2":[0,0],"3":[0,0]}}
,"/Users/chandravardhansinghs/development/flicker-app-vite/src/pages/auth/Signup.tsx": {"path":"/Users/chandravardhansinghs/development/flicker-app-vite/src/pages/auth/Signup.tsx","statementMap":{"0":{"start":{"line":14,"column":18},"end":{"line":16,"column":1}},"1":{"start":{"line":18,"column":15},"end":{"line":67,"column":2}},"2":{"start":{"line":69,"column":22},"end":{"line":281,"column":1}},"3":{"start":{"line":70,"column":19},"end":{"line":70,"column":32}},"4":{"start":{"line":76,"column":6},"end":{"line":78,"column":4}},"5":{"start":{"line":80,"column":50},"end":{"line":83,"column":3}},"6":{"start":{"line":81,"column":4},"end":{"line":81,"column":22}},"7":{"start":{"line":82,"column":4},"end":{"line":82,"column":30}},"8":{"start":{"line":85,"column":26},"end":{"line":87,"column":3}},"9":{"start":{"line":86,"column":4},"end":{"line":86,"column":31}},"10":{"start":{"line":89,"column":2},"end":{"line":280,"column":4}},"11":{"start":{"line":134,"column":20},"end":{"line":144,"column":22}},"12":{"start":{"line":159,"column":20},"end":{"line":169,"column":22}},"13":{"start":{"line":184,"column":20},"end":{"line":197,"column":22}},"14":{"start":{"line":212,"column":20},"end":{"line":222,"column":22}},"15":{"start":{"line":237,"column":20},"end":{"line":247,"column":22}}},"fnMap":{"0":{"name":"(anonymous_0)","decl":{"start":{"line":69,"column":22},"end":{"line":69,"column":23}},"loc":{"start":{"line":69,"column":40},"end":{"line":281,"column":1}},"line":69},"1":{"name":"(anonymous_1)","decl":{"start":{"line":80,"column":50},"end":{"line":80,"column":51}},"loc":{"start":{"line":80,"column":60},"end":{"line":83,"column":3}},"line":80},"2":{"name":"(anonymous_2)","decl":{"start":{"line":85,"column":26},"end":{"line":85,"column":27}},"loc":{"start":{"line":85,"column":32},"end":{"line":87,"column":3}},"line":85},"3":{"name":"(anonymous_3)","decl":{"start":{"line":133,"column":26},"end":{"line":133,"column":27}},"loc":{"start":{"line":134,"column":20},"end":{"line":144,"column":22}},"line":134},"4":{"name":"(anonymous_4)","decl":{"start":{"line":158,"column":26},"end":{"line":158,"column":27}},"loc":{"start":{"line":159,"column":20},"end":{"line":169,"column":22}},"line":159},"5":{"name":"(anonymous_5)","decl":{"start":{"line":183,"column":26},"end":{"line":183,"column":27}},"loc":{"start":{"line":184,"column":20},"end":{"line":197,"column":22}},"line":184},"6":{"name":"(anonymous_6)","decl":{"start":{"line":211,"column":26},"end":{"line":211,"column":27}},"loc":{"start":{"line":212,"column":20},"end":{"line":222,"column":22}},"line":212},"7":{"name":"(anonymous_7)","decl":{"start":{"line":236,"column":26},"end":{"line":236,"column":27}},"loc":{"start":{"line":237,"column":20},"end":{"line":247,"column":22}},"line":237}},"branchMap":{"0":{"loc":{"start":{"line":147,"column":17},"end":{"line":151,"column":17}},"type":"binary-expr","locations":[{"start":{"line":147,"column":17},"end":{"line":147,"column":41}},{"start":{"line":148,"column":18},"end":{"line":150,"column":31}}],"line":147},"1":{"loc":{"start":{"line":149,"column":21},"end":{"line":149,"column":74}},"type":"binary-expr","locations":[{"start":{"line":149,"column":21},"end":{"line":149,"column":46}},{"start":{"line":149,"column":50},"end":{"line":149,"column":74}}],"line":149},"2":{"loc":{"start":{"line":172,"column":17},"end":{"line":176,"column":17}},"type":"binary-expr","locations":[{"start":{"line":172,"column":17},"end":{"line":172,"column":40}},{"start":{"line":173,"column":18},"end":{"line":175,"column":31}}],"line":172},"3":{"loc":{"start":{"line":174,"column":21},"end":{"line":174,"column":72}},"type":"binary-expr","locations":[{"start":{"line":174,"column":21},"end":{"line":174,"column":45}},{"start":{"line":174,"column":49},"end":{"line":174,"column":72}}],"line":174},"4":{"loc":{"start":{"line":200,"column":17},"end":{"line":204,"column":17}},"type":"binary-expr","locations":[{"start":{"line":200,"column":17},"end":{"line":200,"column":35}},{"start":{"line":201,"column":18},"end":{"line":203,"column":31}}],"line":200},"5":{"loc":{"start":{"line":202,"column":21},"end":{"line":202,"column":61}},"type":"binary-expr","locations":[{"start":{"line":202,"column":21},"end":{"line":202,"column":40}},{"start":{"line":202,"column":44},"end":{"line":202,"column":61}}],"line":202},"6":{"loc":{"start":{"line":225,"column":17},"end":{"line":229,"column":17}},"type":"binary-expr","locations":[{"start":{"line":225,"column":17},"end":{"line":225,"column":37}},{"start":{"line":226,"column":18},"end":{"line":228,"column":31}}],"line":225},"7":{"loc":{"start":{"line":227,"column":21},"end":{"line":227,"column":65}},"type":"binary-expr","locations":[{"start":{"line":227,"column":21},"end":{"line":227,"column":42}},{"start":{"line":227,"column":46},"end":{"line":227,"column":65}}],"line":227},"8":{"loc":{"start":{"line":250,"column":17},"end":{"line":254,"column":17}},"type":"binary-expr","locations":[{"start":{"line":250,"column":17},"end":{"line":250,"column":40}},{"start":{"line":251,"column":18},"end":{"line":253,"column":31}}],"line":250},"9":{"loc":{"start":{"line":252,"column":21},"end":{"line":252,"column":71}},"type":"binary-expr","locations":[{"start":{"line":252,"column":21},"end":{"line":252,"column":45}},{"start":{"line":252,"column":49},"end":{"line":252,"column":71}}],"line":252}},"s":{"0":0,"1":0,"2":0,"3":0,"4":0,"5":0,"6":0,"7":0,"8":0,"9":0,"10":0,"11":0,"12":0,"13":0,"14":0,"15":0},"f":{"0":0,"1":0,"2":0,"3":0,"4":0,"5":0,"6":0,"7":0},"b":{"0":[0,0],"1":[0,0],"2":[0,0],"3":[0,0],"4":[0,0],"5":[0,0],"6":[0,0],"7":[0,0],"8":[0,0],"9":[0,0]}}
,"/Users/chandravardhansinghs/development/flicker-app-vite/src/redux/hook.ts": {"path":"/Users/chandravardhansinghs/development/flicker-app-vite/src/redux/hook.ts","statementMap":{"0":{"start":{"line":5,"column":30},"end":{"line":5,"column":62}},"1":{"start":{"line":5,"column":36},"end":{"line":5,"column":62}},"2":{"start":{"line":6,"column":63},"end":{"line":6,"column":74}}},"fnMap":{"0":{"name":"(anonymous_0)","decl":{"start":{"line":5,"column":30},"end":{"line":5,"column":31}},"loc":{"start":{"line":5,"column":36},"end":{"line":5,"column":62}},"line":5}},"branchMap":{},"s":{"0":0,"1":0,"2":0},"f":{"0":0},"b":{}}
,"/Users/chandravardhansinghs/development/flicker-app-vite/src/redux/store.ts": {"path":"/Users/chandravardhansinghs/development/flicker-app-vite/src/redux/store.ts","statementMap":{"0":{"start":{"line":6,"column":21},"end":{"line":16,"column":2}},"1":{"start":{"line":13,"column":4},"end":{"line":13,"column":68}}},"fnMap":{"0":{"name":"(anonymous_0)","decl":{"start":{"line":12,"column":14},"end":{"line":12,"column":15}},"loc":{"start":{"line":12,"column":40},"end":{"line":14,"column":3}},"line":12}},"branchMap":{},"s":{"0":0,"1":0},"f":{"0":0},"b":{}}
,"/Users/chandravardhansinghs/development/flicker-app-vite/src/redux/api/products/flickerAPI.ts": {"path":"/Users/chandravardhansinghs/development/flicker-app-vite/src/redux/api/products/flickerAPI.ts","statementMap":{"0":{"start":{"line":10,"column":16},"end":{"line":10,"column":50}},"1":{"start":{"line":12,"column":26},"end":{"line":41,"column":2}},"2":{"start":{"line":18,"column":27},"end":{"line":40,"column":3}},"3":{"start":{"line":21,"column":8},"end":{"line":21,"column":134}},"4":{"start":{"line":26,"column":8},"end":{"line":26,"column":108}},"5":{"start":{"line":30,"column":8},"end":{"line":30,"column":109}},"6":{"start":{"line":34,"column":8},"end":{"line":34,"column":111}},"7":{"start":{"line":38,"column":8},"end":{"line":38,"column":121}},"8":{"start":{"line":49,"column":4},"end":{"line":49,"column":14}}},"fnMap":{"0":{"name":"(anonymous_0)","decl":{"start":{"line":18,"column":13},"end":{"line":18,"column":14}},"loc":{"start":{"line":18,"column":27},"end":{"line":40,"column":3}},"line":18},"1":{"name":"(anonymous_1)","decl":{"start":{"line":20,"column":13},"end":{"line":20,"column":14}},"loc":{"start":{"line":21,"column":8},"end":{"line":21,"column":134}},"line":21},"2":{"name":"(anonymous_2)","decl":{"start":{"line":25,"column":13},"end":{"line":25,"column":14}},"loc":{"start":{"line":26,"column":8},"end":{"line":26,"column":108}},"line":26},"3":{"name":"(anonymous_3)","decl":{"start":{"line":29,"column":13},"end":{"line":29,"column":14}},"loc":{"start":{"line":30,"column":8},"end":{"line":30,"column":109}},"line":30},"4":{"name":"(anonymous_4)","decl":{"start":{"line":33,"column":13},"end":{"line":33,"column":14}},"loc":{"start":{"line":34,"column":8},"end":{"line":34,"column":111}},"line":34},"5":{"name":"(anonymous_5)","decl":{"start":{"line":37,"column":13},"end":{"line":37,"column":14}},"loc":{"start":{"line":38,"column":8},"end":{"line":38,"column":121}},"line":38}},"branchMap":{},"s":{"0":0,"1":0,"2":0,"3":0,"4":0,"5":0,"6":0,"7":0,"8":0},"f":{"0":0,"1":0,"2":0,"3":0,"4":0,"5":0},"b":{}}
,"/Users/chandravardhansinghs/development/flicker-app-vite/src/redux/api/products/productAPI.ts": {"path":"/Users/chandravardhansinghs/development/flicker-app-vite/src/redux/api/products/productAPI.ts","statementMap":{"0":{"start":{"line":21,"column":26},"end":{"line":106,"column":2}},"1":{"start":{"line":25,"column":27},"end":{"line":105,"column":3}},"2":{"start":{"line":29,"column":8},"end":{"line":29,"column":26}},"3":{"start":{"line":32,"column":8},"end":{"line":40,"column":46}},"4":{"start":{"line":34,"column":41},"end":{"line":37,"column":15}},"5":{"start":{"line":43,"column":8},"end":{"line":43,"column":30}},"6":{"start":{"line":48,"column":8},"end":{"line":48,"column":32}},"7":{"start":{"line":54,"column":11},"end":{"line":54,"column":32}},"8":{"start":{"line":55,"column":43},"end":{"line":55,"column":69}},"9":{"start":{"line":60,"column":8},"end":{"line":65,"column":10}},"10":{"start":{"line":69,"column":8},"end":{"line":69,"column":29}},"11":{"start":{"line":77,"column":8},"end":{"line":82,"column":10}},"12":{"start":{"line":85,"column":8},"end":{"line":90,"column":46}},"13":{"start":{"line":92,"column":8},"end":{"line":92,"column":29}},"14":{"start":{"line":97,"column":8},"end":{"line":101,"column":10}},"15":{"start":{"line":115,"column":4},"end":{"line":115,"column":14}}},"fnMap":{"0":{"name":"(anonymous_0)","decl":{"start":{"line":25,"column":13},"end":{"line":25,"column":14}},"loc":{"start":{"line":25,"column":27},"end":{"line":105,"column":3}},"line":25},"1":{"name":"(anonymous_1)","decl":{"start":{"line":28,"column":6},"end":{"line":28,"column":7}},"loc":{"start":{"line":28,"column":14},"end":{"line":30,"column":7}},"line":28},"2":{"name":"(anonymous_2)","decl":{"start":{"line":31,"column":20},"end":{"line":31,"column":21}},"loc":{"start":{"line":32,"column":8},"end":{"line":40,"column":46}},"line":32},"3":{"name":"(anonymous_3)","decl":{"start":{"line":34,"column":28},"end":{"line":34,"column":29}},"loc":{"start":{"line":34,"column":41},"end":{"line":37,"column":15}},"line":34},"4":{"name":"(anonymous_4)","decl":{"start":{"line":42,"column":25},"end":{"line":42,"column":26}},"loc":{"start":{"line":43,"column":8},"end":{"line":43,"column":30}},"line":43},"5":{"name":"(anonymous_5)","decl":{"start":{"line":47,"column":6},"end":{"line":47,"column":7}},"loc":{"start":{"line":47,"column":16},"end":{"line":49,"column":7}},"line":47},"6":{"name":"(anonymous_6)","decl":{"start":{"line":50,"column":25},"end":{"line":50,"column":26}},"loc":{"start":{"line":54,"column":11},"end":{"line":54,"column":32}},"line":54},"7":{"name":"(anonymous_7)","decl":{"start":{"line":55,"column":20},"end":{"line":55,"column":21}},"loc":{"start":{"line":55,"column":43},"end":{"line":55,"column":69}},"line":55},"8":{"name":"(anonymous_8)","decl":{"start":{"line":59,"column":6},"end":{"line":59,"column":7}},"loc":{"start":{"line":59,"column":18},"end":{"line":66,"column":7}},"line":59},"9":{"name":"(anonymous_9)","decl":{"start":{"line":68,"column":25},"end":{"line":68,"column":26}},"loc":{"start":{"line":69,"column":8},"end":{"line":69,"column":29}},"line":69},"10":{"name":"(anonymous_10)","decl":{"start":{"line":76,"column":6},"end":{"line":76,"column":7}},"loc":{"start":{"line":76,"column":30},"end":{"line":83,"column":7}},"line":76},"11":{"name":"(anonymous_11)","decl":{"start":{"line":84,"column":23},"end":{"line":84,"column":24}},"loc":{"start":{"line":85,"column":8},"end":{"line":90,"column":46}},"line":85},"12":{"name":"(anonymous_12)","decl":{"start":{"line":91,"column":25},"end":{"line":91,"column":26}},"loc":{"start":{"line":92,"column":8},"end":{"line":92,"column":29}},"line":92},"13":{"name":"(anonymous_13)","decl":{"start":{"line":96,"column":6},"end":{"line":96,"column":7}},"loc":{"start":{"line":96,"column":16},"end":{"line":102,"column":7}},"line":96}},"branchMap":{"0":{"loc":{"start":{"line":32,"column":8},"end":{"line":40,"column":46}},"type":"cond-expr","locations":[{"start":{"line":33,"column":12},"end":{"line":39,"column":13}},{"start":{"line":40,"column":12},"end":{"line":40,"column":46}}],"line":32},"1":{"loc":{"start":{"line":85,"column":8},"end":{"line":90,"column":46}},"type":"cond-expr","locations":[{"start":{"line":86,"column":12},"end":{"line":89,"column":13}},{"start":{"line":90,"column":12},"end":{"line":90,"column":46}}],"line":85}},"s":{"0":0,"1":0,"2":0,"3":0,"4":0,"5":0,"6":0,"7":0,"8":0,"9":0,"10":0,"11":0,"12":0,"13":0,"14":0,"15":0},"f":{"0":0,"1":0,"2":0,"3":0,"4":0,"5":0,"6":0,"7":0,"8":0,"9":0,"10":0,"11":0,"12":0,"13":0},"b":{"0":[0,0],"1":[0,0]}}
,"/Users/chandravardhansinghs/development/flicker-app-vite/src/redux/api/products/types.ts": {"path":"/Users/chandravardhansinghs/development/flicker-app-vite/src/redux/api/products/types.ts","statementMap":{},"fnMap":{},"branchMap":{},"s":{},"f":{},"b":{}}
,"/Users/chandravardhansinghs/development/flicker-app-vite/src/redux/feature/products/authSlice.ts": {"path":"/Users/chandravardhansinghs/development/flicker-app-vite/src/redux/feature/products/authSlice.ts","statementMap":{"0":{"start":{"line":14,"column":13},"end":{"line":14,"column":58}},"1":{"start":{"line":16,"column":32},"end":{"line":27,"column":5}},"2":{"start":{"line":29,"column":25},"end":{"line":64,"column":2}},"3":{"start":{"line":35,"column":34},"end":{"line":35,"column":48}},"4":{"start":{"line":36,"column":6},"end":{"line":38,"column":7}},"5":{"start":{"line":37,"column":8},"end":{"line":37,"column":15}},"6":{"start":{"line":39,"column":6},"end":{"line":45,"column":7}},"7":{"start":{"line":40,"column":8},"end":{"line":40,"column":78}},"8":{"start":{"line":41,"column":8},"end":{"line":44,"column":10}},"9":{"start":{"line":46,"column":6},"end":{"line":46,"column":39}},"10":{"start":{"line":47,"column":6},"end":{"line":47,"column":35}},"11":{"start":{"line":50,"column":6},"end":{"line":50,"column":36}},"12":{"start":{"line":51,"column":6},"end":{"line":51,"column":24}},"13":{"start":{"line":52,"column":6},"end":{"line":52,"column":42}},"14":{"start":{"line":53,"column":6},"end":{"line":53,"column":44}},"15":{"start":{"line":61,"column":6},"end":{"line":61,"column":39}},"16":{"start":{"line":66,"column":43},"end":{"line":66,"column":60}}},"fnMap":{"0":{"name":"(anonymous_0)","decl":{"start":{"line":34,"column":11},"end":{"line":34,"column":12}},"loc":{"start":{"line":34,"column":78},"end":{"line":48,"column":5}},"line":34},"1":{"name":"(anonymous_1)","decl":{"start":{"line":49,"column":12},"end":{"line":49,"column":13}},"loc":{"start":{"line":49,"column":23},"end":{"line":54,"column":5}},"line":49},"2":{"name":"(anonymous_2)","decl":{"start":{"line":56,"column":14},"end":{"line":56,"column":15}},"loc":{"start":{"line":56,"column":59},"end":{"line":62,"column":5}},"line":56}},"branchMap":{"0":{"loc":{"start":{"line":16,"column":32},"end":{"line":27,"column":5}},"type":"cond-expr","locations":[{"start":{"line":17,"column":4},"end":{"line":22,"column":5}},{"start":{"line":23,"column":4},"end":{"line":27,"column":5}}],"line":16},"1":{"loc":{"start":{"line":21,"column":8},"end":{"line":21,"column":75}},"type":"binary-expr","locations":[{"start":{"line":21,"column":8},"end":{"line":21,"column":66}},{"start":{"line":21,"column":70},"end":{"line":21,"column":75}}],"line":21},"2":{"loc":{"start":{"line":36,"column":6},"end":{"line":38,"column":7}},"type":"if","locations":[{"start":{"line":36,"column":6},"end":{"line":38,"column":7}},{"start":{},"end":{}}],"line":36},"3":{"loc":{"start":{"line":36,"column":10},"end":{"line":36,"column":29}},"type":"binary-expr","locations":[{"start":{"line":36,"column":10},"end":{"line":36,"column":16}},{"start":{"line":36,"column":20},"end":{"line":36,"column":29}}],"line":36},"4":{"loc":{"start":{"line":39,"column":6},"end":{"line":45,"column":7}},"type":"if","locations":[{"start":{"line":39,"column":6},"end":{"line":45,"column":7}},{"start":{},"end":{}}],"line":39}},"s":{"0":1,"1":1,"2":1,"3":0,"4":0,"5":0,"6":0,"7":0,"8":0,"9":0,"10":0,"11":0,"12":0,"13":0,"14":0,"15":0,"16":1},"f":{"0":0,"1":0,"2":0},"b":{"0":[0,1],"1":[0,0],"2":[0,0],"3":[0,0],"4":[0,0]},"_coverageSchema":"1a1c01bbd47fc00a2c39e90264f33305004495a9","hash":"2951f0dd2e9f6599baf019971367709d6532d3ff"}
,"/Users/chandravardhansinghs/development/flicker-app-vite/src/redux/feature/products/flickerSlice.ts": {"path":"/Users/chandravardhansinghs/development/flicker-app-vite/src/redux/feature/products/flickerSlice.ts","statementMap":{"0":{"start":{"line":24,"column":35},"end":{"line":30,"column":1}},"1":{"start":{"line":32,"column":28},"end":{"line":37,"column":2}},"2":{"start":{"line":39,"column":18},"end":{"line":39,"column":38}}},"fnMap":{},"branchMap":{},"s":{"0":0,"1":0,"2":0},"f":{},"b":{}}
,"/Users/chandravardhansinghs/development/flicker-app-vite/src/redux/feature/products/postSlice.ts": {"path":"/Users/chandravardhansinghs/development/flicker-app-vite/src/redux/feature/products/postSlice.ts","statementMap":{"0":{"start":{"line":17,"column":33},"end":{"line":19,"column":1}},"1":{"start":{"line":23,"column":24},"end":{"line":32,"column":2}},"2":{"start":{"line":24,"column":2},"end":{"line":31,"column":3}},"3":{"start":{"line":25,"column":21},"end":{"line":25,"column":62}},"4":{"start":{"line":26,"column":17},"end":{"line":26,"column":38}},"5":{"start":{"line":27,"column":4},"end":{"line":27,"column":22}},"6":{"start":{"line":28,"column":4},"end":{"line":28,"column":24}},"7":{"start":{"line":30,"column":4},"end":{"line":30,"column":28}},"8":{"start":{"line":34,"column":18},"end":{"line":66,"column":2}},"9":{"start":{"line":39,"column":22},"end":{"line":39,"column":51}},"10":{"start":{"line":40,"column":6},"end":{"line":40,"column":46}},"11":{"start":{"line":44,"column":4},"end":{"line":64,"column":9}},"12":{"start":{"line":46,"column":8},"end":{"line":46,"column":25}},"13":{"start":{"line":49,"column":8},"end":{"line":53,"column":10}},"14":{"start":{"line":56,"column":8},"end":{"line":56,"column":31}},"15":{"start":{"line":59,"column":8},"end":{"line":59,"column":43}},"16":{"start":{"line":60,"column":8},"end":{"line":60,"column":37}},"17":{"start":{"line":63,"column":8},"end":{"line":63,"column":43}},"18":{"start":{"line":68,"column":30},"end":{"line":68,"column":47}}},"fnMap":{"0":{"name":"(anonymous_0)","decl":{"start":{"line":23,"column":58},"end":{"line":23,"column":59}},"loc":{"start":{"line":23,"column":70},"end":{"line":32,"column":1}},"line":23},"1":{"name":"(anonymous_1)","decl":{"start":{"line":38,"column":16},"end":{"line":38,"column":17}},"loc":{"start":{"line":38,"column":57},"end":{"line":41,"column":5}},"line":38},"2":{"name":"(anonymous_2)","decl":{"start":{"line":43,"column":17},"end":{"line":43,"column":18}},"loc":{"start":{"line":43,"column":30},"end":{"line":65,"column":3}},"line":43},"3":{"name":"(anonymous_3)","decl":{"start":{"line":45,"column":23},"end":{"line":45,"column":24}},"loc":{"start":{"line":45,"column":42},"end":{"line":47,"column":7}},"line":45},"4":{"name":"(anonymous_4)","decl":{"start":{"line":48,"column":22},"end":{"line":48,"column":23}},"loc":{"start":{"line":48,"column":41},"end":{"line":54,"column":7}},"line":48},"5":{"name":"(anonymous_5)","decl":{"start":{"line":55,"column":33},"end":{"line":55,"column":34}},"loc":{"start":{"line":55,"column":52},"end":{"line":57,"column":7}},"line":55},"6":{"name":"(anonymous_6)","decl":{"start":{"line":58,"column":35},"end":{"line":58,"column":36}},"loc":{"start":{"line":58,"column":54},"end":{"line":61,"column":7}},"line":58},"7":{"name":"(anonymous_7)","decl":{"start":{"line":62,"column":34},"end":{"line":62,"column":35}},"loc":{"start":{"line":62,"column":53},"end":{"line":64,"column":7}},"line":62}},"branchMap":{},"s":{"0":1,"1":1,"2":0,"3":0,"4":0,"5":0,"6":0,"7":0,"8":1,"9":1,"10":1,"11":1,"12":0,"13":0,"14":0,"15":0,"16":0,"17":0,"18":1},"f":{"0":0,"1":1,"2":1,"3":0,"4":0,"5":0,"6":0,"7":0},"b":{},"_coverageSchema":"1a1c01bbd47fc00a2c39e90264f33305004495a9","hash":"d6cd3213590cffdfee5ac032da0147bf1a5b81c7"}
,"/Users/chandravardhansinghs/development/flicker-app-vite/src/routes/AppRoutes.tsx": {"path":"/Users/chandravardhansinghs/development/flicker-app-vite/src/routes/AppRoutes.tsx","statementMap":{"0":{"start":{"line":15,"column":14},"end":{"line":15,"column":50}},"1":{"start":{"line":15,"column":25},"end":{"line":15,"column":49}},"2":{"start":{"line":16,"column":13},"end":{"line":16,"column":48}},"3":{"start":{"line":16,"column":24},"end":{"line":16,"column":47}},"4":{"start":{"line":17,"column":21},"end":{"line":17,"column":64}},"5":{"start":{"line":17,"column":32},"end":{"line":17,"column":63}},"6":{"start":{"line":19,"column":18},"end":{"line":56,"column":1}},"7":{"start":{"line":58,"column":22},"end":{"line":60,"column":1}},"8":{"start":{"line":59,"column":2},"end":{"line":59,"column":47}}},"fnMap":{"0":{"name":"(anonymous_0)","decl":{"start":{"line":15,"column":19},"end":{"line":15,"column":20}},"loc":{"start":{"line":15,"column":25},"end":{"line":15,"column":49}},"line":15},"1":{"name":"(anonymous_1)","decl":{"start":{"line":16,"column":18},"end":{"line":16,"column":19}},"loc":{"start":{"line":16,"column":24},"end":{"line":16,"column":47}},"line":16},"2":{"name":"(anonymous_2)","decl":{"start":{"line":17,"column":26},"end":{"line":17,"column":27}},"loc":{"start":{"line":17,"column":32},"end":{"line":17,"column":63}},"line":17},"3":{"name":"(anonymous_3)","decl":{"start":{"line":58,"column":22},"end":{"line":58,"column":23}},"loc":{"start":{"line":58,"column":28},"end":{"line":60,"column":1}},"line":58}},"branchMap":{},"s":{"0":0,"1":0,"2":0,"3":0,"4":0,"5":0,"6":0,"7":0,"8":0},"f":{"0":0,"1":0,"2":0,"3":0},"b":{}}
,"/Users/chandravardhansinghs/development/flicker-app-vite/src/routes/LazyLoader.tsx": {"path":"/Users/chandravardhansinghs/development/flicker-app-vite/src/routes/LazyLoader.tsx","statementMap":{"0":{"start":{"line":7,"column":21},"end":{"line":7,"column":46}},"1":{"start":{"line":7,"column":27},"end":{"line":7,"column":46}},"2":{"start":{"line":9,"column":30},"end":{"line":11,"column":1}},"3":{"start":{"line":10,"column":2},"end":{"line":10,"column":65}}},"fnMap":{"0":{"name":"(anonymous_0)","decl":{"start":{"line":7,"column":21},"end":{"line":7,"column":22}},"loc":{"start":{"line":7,"column":27},"end":{"line":7,"column":46}},"line":7},"1":{"name":"(anonymous_1)","decl":{"start":{"line":9,"column":30},"end":{"line":9,"column":31}},"loc":{"start":{"line":9,"column":48},"end":{"line":11,"column":1}},"line":9}},"branchMap":{},"s":{"0":0,"1":0,"2":0,"3":0},"f":{"0":0,"1":0},"b":{}}
,"/Users/chandravardhansinghs/development/flicker-app-vite/src/routes/ProtectedRoutes.tsx": {"path":"/Users/chandravardhansinghs/development/flicker-app-vite/src/routes/ProtectedRoutes.tsx","statementMap":{"0":{"start":{"line":6,"column":28},"end":{"line":20,"column":1}},"1":{"start":{"line":7,"column":30},"end":{"line":7,"column":71}},"2":{"start":{"line":7,"column":56},"end":{"line":7,"column":70}},"3":{"start":{"line":8,"column":2},"end":{"line":8,"column":35}},"4":{"start":{"line":10,"column":2},"end":{"line":18,"column":3}},"5":{"start":{"line":11,"column":4},"end":{"line":17,"column":6}},"6":{"start":{"line":19,"column":2},"end":{"line":19,"column":19}}},"fnMap":{"0":{"name":"(anonymous_0)","decl":{"start":{"line":6,"column":28},"end":{"line":6,"column":29}},"loc":{"start":{"line":6,"column":34},"end":{"line":20,"column":1}},"line":6},"1":{"name":"(anonymous_1)","decl":{"start":{"line":7,"column":45},"end":{"line":7,"column":46}},"loc":{"start":{"line":7,"column":56},"end":{"line":7,"column":70}},"line":7}},"branchMap":{"0":{"loc":{"start":{"line":10,"column":2},"end":{"line":18,"column":3}},"type":"if","locations":[{"start":{"line":10,"column":2},"end":{"line":18,"column":3}},{"start":{},"end":{}}],"line":10}},"s":{"0":0,"1":0,"2":0,"3":0,"4":0,"5":0,"6":0},"f":{"0":0,"1":0},"b":{"0":[0,0]}}
,"/Users/chandravardhansinghs/development/flicker-app-vite/src/routes/PublicRoutes.tsx": {"path":"/Users/chandravardhansinghs/development/flicker-app-vite/src/routes/PublicRoutes.tsx","statementMap":{"0":{"start":{"line":7,"column":25},"end":{"line":21,"column":1}},"1":{"start":{"line":8,"column":30},"end":{"line":8,"column":71}},"2":{"start":{"line":8,"column":56},"end":{"line":8,"column":70}},"3":{"start":{"line":10,"column":2},"end":{"line":18,"column":3}},"4":{"start":{"line":11,"column":4},"end":{"line":17,"column":6}},"5":{"start":{"line":20,"column":2},"end":{"line":20,"column":19}}},"fnMap":{"0":{"name":"(anonymous_0)","decl":{"start":{"line":7,"column":25},"end":{"line":7,"column":26}},"loc":{"start":{"line":7,"column":31},"end":{"line":21,"column":1}},"line":7},"1":{"name":"(anonymous_1)","decl":{"start":{"line":8,"column":45},"end":{"line":8,"column":46}},"loc":{"start":{"line":8,"column":56},"end":{"line":8,"column":70}},"line":8}},"branchMap":{"0":{"loc":{"start":{"line":10,"column":2},"end":{"line":18,"column":3}},"type":"if","locations":[{"start":{"line":10,"column":2},"end":{"line":18,"column":3}},{"start":{},"end":{}}],"line":10}},"s":{"0":0,"1":0,"2":0,"3":0,"4":0,"5":0},"f":{"0":0,"1":0},"b":{"0":[0,0]}}
,"/Users/chandravardhansinghs/development/flicker-app-vite/src/routes/route-path.enum.ts": {"path":"/Users/chandravardhansinghs/development/flicker-app-vite/src/routes/route-path.enum.ts","statementMap":{},"fnMap":{},"branchMap":{},"s":{},"f":{},"b":{},"_coverageSchema":"1a1c01bbd47fc00a2c39e90264f33305004495a9","hash":"ffcd107f021119eb7a489133c98bbf8c77694114"}
,"/Users/chandravardhansinghs/development/flicker-app-vite/src/theme/index.ts": {"path":"/Users/chandravardhansinghs/development/flicker-app-vite/src/theme/index.ts","statementMap":{},"fnMap":{},"branchMap":{},"s":{},"f":{},"b":{}}
,"/Users/chandravardhansinghs/development/flicker-app-vite/src/theme/mui-theme.ts": {"path":"/Users/chandravardhansinghs/development/flicker-app-vite/src/theme/mui-theme.ts","statementMap":{"0":{"start":{"line":3,"column":42},"end":{"line":56,"column":1}}},"fnMap":{},"branchMap":{},"s":{"0":0},"f":{},"b":{}}
,"/Users/chandravardhansinghs/development/flicker-app-vite/src/utils/index.ts": {"path":"/Users/chandravardhansinghs/development/flicker-app-vite/src/utils/index.ts","statementMap":{"0":{"start":{"line":1,"column":25},"end":{"line":1,"column":56}}},"fnMap":{},"branchMap":{},"s":{"0":1},"f":{},"b":{},"_coverageSchema":"1a1c01bbd47fc00a2c39e90264f33305004495a9","hash":"44503b3945bc501ffa2a440d5c7e2b8fd8ed0bf9"}
}
